<?xml version="1.0" encoding="UTF-8"?>
<!-- Generated by org.testng.reporters.JUnitReportReporter -->
<testsuite skipped="0" hostname="EPINHYDW0957" name="com.epam.tests.LoginTest_001" tests="1" failures="0" timestamp="28 Nov 2019 07:07:58 GMT" time="4.169" errors="0">
  <testcase name="loginTest" time="4.169" classname="com.epam.tests.LoginTest_001"/>
</testsuite> <!-- com.epam.tests.LoginTest_001 -->
