<?xml version="1.0" encoding="UTF-8"?>
<!-- Generated by org.testng.reporters.JUnitReportReporter -->
<testsuite skipped="0" hostname="EPINHYDW0957" name="com.epam.tests.ParallelTest2" tests="1" failures="0" timestamp="28 Nov 2019 06:45:49 GMT" time="4.380" errors="0">
  <testcase name="test2" time="4.380" classname="com.epam.tests.ParallelTest2"/>
</testsuite> <!-- com.epam.tests.ParallelTest2 -->
