<?xml version="1.0" encoding="UTF-8"?>
<!-- Generated by org.testng.reporters.JUnitReportReporter -->
<testsuite skipped="0" hostname="EPINHYDW0957" name="com.epam.tests.MyTests" tests="2" failures="0" timestamp="25 Nov 2019 13:09:56 GMT" time="0.007" errors="0">
  <testcase name="getData" time="0.001" classname="com.epam.tests.MyTests"/>
  <testcase name="getData" time="0.006" classname="com.epam.tests.MyTests"/>
</testsuite> <!-- com.epam.tests.MyTests -->
